#   step REPORT : Synthesizing module : fifo_usage_spy
#   step REPORT : [39.349] Optimizing module : fifo_usage_spy
#   step REPORT : Got DPI task gate ZDPI_TASK0: zebu_bb_ZDPI_MOD_fifo_usage_spy_ZDPI_fifo_usage_spy_notify_call0
#   step REPORT : [6.1690] There are 4 levels of combinational cells
#   step REPORT : [6.1689] There are 4 distinct nets driving control pins
#   step REPORT : [6.1695] 2-input LUTs: 2
#   step REPORT : [6.1695] 3-input LUTs: 4
#   step REPORT : [6.1695] 4-input LUTs: 1
#   step REPORT : [6.1695] 5-input LUTs: 1
#   step REPORT : [6.1696] Total LUT area: 8
#   step REPORT : [6.1697] State    : 18
#   step REPORT : [6.1697]   (FF)   : 18
#   step REPORT : [6.1884] Renaming SVA module instances in the netlist
#   step REPORT : [6.1882] Renaming special verilog names in the netlist
#   step REPORT : [6.1882] Special names renaming stats:
#   step REPORT : [6.1882] Total time                 : 0.000 seconds
#   step REPORT : [6.1882] Total wires renamed        : 0
#   step REPORT : [6.1882] Total instances renamed    : 0
#   step REPORT : [6.1883] Renaming wires like ports
#   step REPORT : [6.1883] Renamed wires like ports (0 ports)
#   step REPORT : [6.1885] Emitting RTLDB information for the netlist
#   step REPORT : Converting netlist 'fifo_usage_spy' to znl format
#   step STATS :  ----------------------------------------------------------------------------------------------------------------------------------------------------------------------------------------------------------------------------------------------------------------------------------------------
#   step STATS :  |                 reg |                 lut |                bram |                uram |             memsize |              m18x18 |                bufg |                buft |               nbI/O |                nbBB |                nbZV |                nbME |               dsp48 || name
#   step STATS :  ----------------------------------------------------------------------------------------------------------------------------------------------------------------------------------------------------------------------------------------------------------------------------------------------
#   step STATS :  |                  18 |                   8 |                   0 |                   0 |                   0 |                   0 |                   0 |                   0 |                   6 |                   2 |                   0 |                   0 |                   0 || fifo_usage_spy
#   step STATS :  ----------------------------------------------------------------------------------------------------------------------------------------------------------------------------------------------------------------------------------------------------------------------------------------------
#   step REPORT : Writing netlist 'fifo_usage_spy' to 'edif/fifo_usage_spy/fifo_usage_spy.edf.gz'
#   step SERIALIZE : writing netlist 'zmerge' into znl file 'edif/fifo_usage_spy/fifo_usage_spy.edf.gz'
#   step SERIALIZE : #bytes in: 1912, #bytes out: 1043, compression ratio: 1.833174
#   step REPORT : [87.28] Resource usage for fifo_usage_spy: 0.036s 0.0M
