#   step REPORT : Synthesizing module : parity
#   step REPORT : [39.349] Optimizing module : parity
#   step REPORT : [6.1690] There are 2 levels of combinational cells
#   step REPORT : [6.1689] There are 0 distinct nets driving control pins
#   step REPORT : [6.1695] 4-input LUTs: 1
#   step REPORT : [6.1695] 5-input LUTs: 1
#   step REPORT : [6.1696] Total LUT area: 2
#   step REPORT : [6.1884] Renaming SVA module instances in the netlist
#   step REPORT : [6.1882] Renaming special verilog names in the netlist
#   step REPORT : [6.1882] Special names renaming stats:
#   step REPORT : [6.1882] Total time                 : 0.000 seconds
#   step REPORT : [6.1882] Total wires renamed        : 0
#   step REPORT : [6.1882] Total instances renamed    : 0
#   step REPORT : [6.1883] Renaming wires like ports
#   step REPORT : [6.1883] Renamed wires like ports (0 ports)
#   step REPORT : [6.1885] Emitting RTLDB information for the netlist
#   step REPORT : Converting netlist 'parity' to znl format
#   step STATS :  ----------------------------------------------------------------------------------------------------------------------------------------------------------------------------------------------------------------------------------------------------------------------------------------------
#   step STATS :  |                 reg |                 lut |                bram |                uram |             memsize |              m18x18 |                bufg |                buft |               nbI/O |                nbBB |                nbZV |                nbME |               dsp48 || name
#   step STATS :  ----------------------------------------------------------------------------------------------------------------------------------------------------------------------------------------------------------------------------------------------------------------------------------------------
#   step STATS :  |                   0 |                   2 |                   0 |                   0 |                   0 |                   0 |                   0 |                   0 |                   9 |                   0 |                   0 |                   0 |                   0 || parity
#   step STATS :  ----------------------------------------------------------------------------------------------------------------------------------------------------------------------------------------------------------------------------------------------------------------------------------------------
#   step REPORT : Writing netlist 'parity' to 'edif/parity/parity.edf.gz'
#   step SERIALIZE : writing netlist 'zmerge' into znl file 'edif/parity/parity.edf.gz'
#   step SERIALIZE : #bytes in: 388, #bytes out: 332, compression ratio: 1.168675
#   step REPORT : [87.28] Resource usage for parity: 0.027s 0.0M
