#   step REPORT : Synthesizing module : proba
#   step REPORT : [39.349] Optimizing module : proba
#   step REPORT : [6.1690] There are 4 levels of combinational cells
#   step REPORT : [6.1689] There are 2 distinct nets driving control pins
#   step REPORT : [6.1695] 2-input LUTs: 1
#   step REPORT : [6.1695] 3-input LUTs: 1
#   step REPORT : [6.1695] 5-input LUTs: 3
#   step REPORT : [6.1695] 6-input LUTs: 3
#   step REPORT : [6.1696] Total LUT area: 8
#   step REPORT : [6.1697] State    : 11
#   step REPORT : [6.1697]   (FF)   : 11
#   step REPORT : [6.1884] Renaming SVA module instances in the netlist
#   step REPORT : [6.1882] Renaming special verilog names in the netlist
#   step REPORT : [6.1882] Special names renaming stats:
#   step REPORT : [6.1882] Total time                 : 0.000 seconds
#   step REPORT : [6.1882] Total wires renamed        : 0
#   step REPORT : [6.1882] Total instances renamed    : 0
#   step REPORT : [6.1883] Renaming wires like ports
#   step REPORT : [6.1883] Renamed wires like ports (0 ports)
#   step REPORT : [6.1885] Emitting RTLDB information for the netlist
#   step REPORT : Converting netlist 'proba' to znl format
#   step STATS :  ----------------------------------------------------------------------------------------------------------------------------------------------------------------------------------------------------------------------------------------------------------------------------------------------
#   step STATS :  |                 reg |                 lut |                bram |                uram |             memsize |              m18x18 |                bufg |                buft |               nbI/O |                nbBB |                nbZV |                nbME |               dsp48 || name
#   step STATS :  ----------------------------------------------------------------------------------------------------------------------------------------------------------------------------------------------------------------------------------------------------------------------------------------------
#   step STATS :  |                  11 |                   8 |                   0 |                   0 |                   0 |                   0 |                   0 |                   0 |                  13 |                   0 |                   0 |                   0 |                   0 || proba
#   step STATS :  ----------------------------------------------------------------------------------------------------------------------------------------------------------------------------------------------------------------------------------------------------------------------------------------------
#   step REPORT : Writing netlist 'proba' to 'edif/proba/proba.edf.gz'
#   step SERIALIZE : writing netlist 'zmerge' into znl file 'edif/proba/proba.edf.gz'
#   step SERIALIZE : #bytes in: 1169, #bytes out: 802, compression ratio: 1.457606
#   step REPORT : [87.28] Resource usage for proba: 0.031s 16.0M
