#   step REPORT : Synthesizing module : stb
#   step REPORT : [39.349] Optimizing module : stb
### warning in ZFAST : (INTERNAL) no module information for net eVe_init_clk
#   step REPORT : Got DPI task gate ZDPI_TASK0: zebu_bb_ZDPI_MOD_stb_ZDPI_grp0_dummy_import_for_pli_call0
#   step REPORT : Got DPI task gate ZDPI_TASK1: zebu_bb_ZDPI_MOD_stb_ZDPI_grp0_dummy_import_for_pli_call1
#   step REPORT : [6.1690] There are 14 levels of combinational cells
#   step REPORT : [6.1689] There are 7 distinct nets driving control pins
#   step REPORT : [6.1695] 2-input LUTs: 19
#   step REPORT : [6.1695] 3-input LUTs: 7
#   step REPORT : [6.1696] Total LUT area: 26
#   step REPORT : [6.1697] State    : 470
#   step REPORT : [6.1697]   (FF)   : 470
#   step REPORT : [6.1697] XORCY    : 156
#   step REPORT : [6.1697] MUXCY    : 156
#   step REPORT : [6.1697] incl. CARRY4: 39
#   step REPORT : [6.1884] Renaming SVA module instances in the netlist
#   step REPORT : [6.1882] Renaming special verilog names in the netlist
#   step REPORT : [6.1882] Special names renaming stats:
#   step REPORT : [6.1882] Total time                 : 0.001 seconds
#   step REPORT : [6.1882] Total wires renamed        : 0
#   step REPORT : [6.1882] Total instances renamed    : 0
#   step REPORT : [6.1883] Renaming wires like ports
#   step REPORT : [6.1883] Renamed wires like ports (0 ports)
#   step REPORT : [6.1885] Emitting RTLDB information for the netlist
#   step REPORT : Converting netlist 'stb' to znl format
#   step STATS :  ----------------------------------------------------------------------------------------------------------------------------------------------------------------------------------------------------------------------------------------------------------------------------------------------
#   step STATS :  |                 reg |                 lut |                bram |                uram |             memsize |              m18x18 |                bufg |                buft |               nbI/O |                nbBB |                nbZV |                nbME |               dsp48 || name
#   step STATS :  ----------------------------------------------------------------------------------------------------------------------------------------------------------------------------------------------------------------------------------------------------------------------------------------------
#   step STATS :  |                 470 |                  26 |                   0 |                   0 |                   0 |                   0 |                   0 |                   0 |                  29 |                   8 |                   0 |                   0 |                   0 || stb
#   step STATS :  ----------------------------------------------------------------------------------------------------------------------------------------------------------------------------------------------------------------------------------------------------------------------------------------------
#   step REPORT : Writing netlist 'stb' to 'edif/stb/stb.edf.gz'
#   step SERIALIZE : writing netlist 'zmerge' into znl file 'edif/stb/stb.edf.gz'
#   step SERIALIZE : #bytes in: 26626, #bytes out: 9747, compression ratio: 2.731712
#   step REPORT : [87.28] Resource usage for stb: 0.076s 0.0M
