
                                    ZeBu (R)
                                  zTargetTools

              Version Q-2020.03-SP1-4 for linux64 - Oct 18, 2022 

                    Copyright (c) 2002 - 2022 Synopsys, Inc.
   This software and the associated documentation are proprietary to Synopsys,
 Inc. This software may only be used in accordance with the terms and conditions
 of a written license agreement with Synopsys, Inc. All other use, reproduction,
   or distribution of this software is strictly prohibited.  Licensed Products
     communicate with Synopsys servers for the purpose of providing software
    updates, detecting software piracy and verifying that customers are using
    Licensed Products in conformity with the applicable License Key for such
  Licensed Products. Synopsys will use information gathered in connection with
    this process to deliver software updates and pursue software pirates and
                                   infringers.

 Inclusivity & Diversity - Visit SolvNetPlus to read the "Synopsys Statement on
            Inclusivity and Diversity" (Refer to article 000036315 at
                        https://solvnetplus.synopsys.com)

# zTargetTools zTargetTools.tcl 

# start time is Wed Apr 19 01:04:19 2023




# Build Date : Oct 18 2022 - 01:00:11
# ---------------------------System Context--------------------------- 
# Cpu        40 x bogomips - 4604.47 Intel(R) Xeon(R) CPU E5-2650 v3 @ 2.30GHz
#            Load: 0.01 0.02 0.05 1/471 35169
#            Hostname: csce-quinn-s1.engr.tamu.edu   OS: Linux 3.10.0-1160.88.1.el7.x86_64
# Memory     Total: 193183 MB Free: 185696 MB
#            Total Free including cache: 190409 MB
#            Swap cache: 0 MB Cached space: 4713 MB
#            Swap space: 4095 MB Free Swap space: 4095 MB
#            VmSize: 62 MB VmPeak: 62 MB
# Disk Space Total: 250 GB Available: 244 GB Used: 6 GB
#            Free inodes: 524256846
# Stack                                Soft Limit           Hard Limit  
#            Max stack size            8388608              unlimited            bytes     
# -------------------------------------------------------------------- 


#   step ENV.VAR : LM_LICENSE_FILE=27070@coe-vtls3.engr.tamu.edu:27020@csce-quinn-s1.engr.tamu.edu:2100@csce-quinn-s1.engr.tamu.edu
#   step ENV.VAR : SNPSLMD_LICENSE_FILE=27070@coe-vtls3.engr.tamu.edu:27020@csce-quinn-s1.engr.tamu.edu:2100@csce-quinn-s1.engr.tamu.edu
#   step ENV.VAR : VCS_HOME=/opt/coe/synopsys/vcs/Q-2020.03-SP2-12
#   step ENV.VAR : VERDI_HOME=/opt/coe/synopsys/verdi/Q-2020.03-SP2-12
#   step ENV.VAR : ZEBU_AURA_FW_HOME=/opt/coe/synopsys/zebu/Q-2020.03-SP1-4/aura/fw
#   step ENV.VAR : ZEBU_AURA_SW_HOME=/opt/coe/synopsys/zebu/Q-2020.03-SP1-4/aura/sw
#   step ENV.VAR : ZEBU_DRIVER_PATH=/opt/coe/synopsys/zebu/Q-2020.03-SP1-4/drivers
#   step ENV.VAR : ZEBU_ROOT=/opt/coe/synopsys/zebu/Q-2020.03-SP1-4
#   step ENV.VAR : ZEBU_SYSTEM_DIR=/mnt/quinn_zebu/ZEBU_SYSTEM_DIR
#   step ENV.VAR : ZEBU_TRITON_ZS2=/opt/coe/synopsys/zebu/Q-2020.03-SP1-4/triton_zs2
#   step ENV.VAR : ZEBU_TRITON_ZS3=/opt/coe/synopsys/zebu/Q-2020.03-SP1-4/triton_zs3
#   step ENV.VAR : ZEBU_XIL=/opt/coe/synopsys/zebu/Q-2020.03-SP1-4/ise/ISE_DS
#   step ENV.VAR : ZEBU_XIL_VIVADO=/opt/coe/synopsys/zebu/Q-2020.03-SP1-4/vivado/
#   step ENV.VAR : ZEBU_XIL_VIVADO_P2=/opt/coe/synopsys/zebu/Q-2020.03-SP1-4/vivado_p2/
#   step ENV.VAR : ZEBU_XIL_VIVADO_P3=/opt/coe/synopsys/zebu/Q-2020.03-SP1-4/vivado_p3/ids_lite
#   step ENV.VAR : ZEBU_XIL_VIVADO_P4=/opt/coe/synopsys/zebu/Q-2020.03-SP1-4/vivado_p4/
set_backend_target {default} {/mnt/quinn_zebu/ZEBU_SYSTEM_DIR/config/zse_configuration.tcl} {1}
set_filling_rate {virtex5} {low} {reg=50} {lut=47} {bram=70} {dsp=40} {ramlut=40} {fwc=40} {qiwc=100}
set_filling_rate {virtex5} {default} {reg=55} {lut=52} {bram=80} {dsp=50} {ramlut=40} {fwc=63} {qiwc=100}
set_filling_rate {virtex5} {high} {reg=65} {lut=57} {bram=90} {dsp=90} {ramlut=70} {fwc=94} {qiwc=100}
set_filling_rate {virtex5} {gtl_low} {reg=60} {lut=57} {bram=70} {dsp=40} {ramlut=40} {fwc=40} {qiwc=100}
set_filling_rate {virtex5} {gtl_default} {reg=65} {lut=62} {bram=80} {dsp=50} {ramlut=40} {fwc=63} {qiwc=100}
set_filling_rate {virtex5} {gtl_high} {reg=75} {lut=67} {bram=90} {dsp=90} {ramlut=70} {fwc=94} {qiwc=100}
set_filling_rate {virtex6} {low} {reg=15} {lut=40} {bram=70} {dsp=40} {ramlut=40} {fwc=20} {qiwc=100}
set_filling_rate {virtex6} {default} {reg=22} {lut=50} {bram=80} {dsp=50} {ramlut=40} {fwc=31} {qiwc=100}
set_filling_rate {virtex6} {high} {reg=23} {lut=55} {bram=90} {dsp=90} {ramlut=55} {fwc=47} {qiwc=100}
set_filling_rate {virtex6} {gtl_low} {reg=25} {lut=50} {bram=70} {dsp=40} {ramlut=40} {fwc=20} {qiwc=100}
set_filling_rate {virtex6} {gtl_default} {reg=32} {lut=60} {bram=80} {dsp=50} {ramlut=40} {fwc=31} {qiwc=100}
set_filling_rate {virtex6} {gtl_high} {reg=33} {lut=65} {bram=90} {dsp=90} {ramlut=55} {fwc=47} {qiwc=100}
set_filling_rate {virtex7} {low} {reg=15} {lut=40} {bram=50} {dsp=40} {ramlut=40} {fwc=10} {qiwc=30}
set_filling_rate {virtex7} {default} {reg=22} {lut=50} {bram=50} {dsp=50} {ramlut=40} {fwc=18} {qiwc=40}
set_filling_rate {virtex7} {high} {reg=30} {lut=55} {bram=90} {dsp=90} {ramlut=55} {fwc=25} {qiwc=50}
set_filling_rate {virtex7} {gtl_low} {reg=25} {lut=50} {bram=50} {dsp=40} {ramlut=40} {fwc=10} {qiwc=30}
set_filling_rate {virtex7} {gtl_default} {reg=32} {lut=60} {bram=50} {dsp=50} {ramlut=40} {fwc=18} {qiwc=40}
set_filling_rate {virtex7} {gtl_high} {reg=40} {lut=65} {bram=90} {dsp=90} {ramlut=55} {fwc=25} {qiwc=50}
set_filling_rate {virtex8} {low} {reg=15} {lut=40} {bram=50} {dsp=40} {ramlut=40} {fwc=10} {qiwc=30}
set_filling_rate {virtex8} {default} {reg=22} {lut=50} {bram=60} {dsp=60} {ramlut=40} {fwc=18} {qiwc=40}
set_filling_rate {virtex8} {high} {reg=30} {lut=55} {bram=90} {dsp=90} {ramlut=55} {fwc=25} {qiwc=50}
set_filling_rate {virtex8} {gtl_low} {reg=25} {lut=50} {bram=50} {dsp=40} {ramlut=40} {fwc=10} {qiwc=30}
set_filling_rate {virtex8} {gtl_default} {reg=32} {lut=60} {bram=60} {dsp=60} {ramlut=40} {fwc=18} {qiwc=40}
set_filling_rate {virtex8} {gtl_high} {reg=40} {lut=65} {bram=90} {dsp=90} {ramlut=55} {fwc=25} {qiwc=50}
set_filling_rate {vu19p} {low} {reg=15} {lut=40} {bram=50} {uram=30} {dsp=40} {ramlut=40} {fwc=15} {qiwc=50}
set_filling_rate {vu19p} {default} {reg=22} {lut=50} {bram=60} {uram=40} {dsp=60} {ramlut=40} {fwc=30} {qiwc=60}
set_filling_rate {vu19p} {high} {reg=30} {lut=55} {bram=90} {uram=60} {dsp=90} {ramlut=55} {fwc=35} {qiwc=70}
set_filling_rate {vu19p} {gtl_low} {reg=25} {lut=50} {bram=50} {uram=30} {dsp=40} {ramlut=40} {fwc=15} {qiwc=50}
set_filling_rate {vu19p} {gtl_default} {reg=32} {lut=60} {bram=60} {uram=40} {dsp=60} {ramlut=40} {fwc=30} {qiwc=60}
set_filling_rate {vu19p} {gtl_high} {reg=40} {lut=65} {bram=90} {uram=60} {dsp=90} {ramlut=55} {fwc=35} {qiwc=70}
set_filling_rate {stratix10} {low} {reg=15} {lut=40} {bram=50} {dsp=40} {ramlut=40} {fwc=10} {qiwc=30}
set_filling_rate {stratix10} {default} {reg=22} {lut=50} {bram=60} {dsp=60} {ramlut=40} {fwc=18} {qiwc=40}
set_filling_rate {stratix10} {high} {reg=30} {lut=55} {bram=95} {dsp=95} {ramlut=55} {fwc=25} {qiwc=50}
set_filling_rate {stratix10} {gtl_low} {reg=25} {lut=50} {bram=50} {dsp=40} {ramlut=40} {fwc=10} {qiwc=30}
set_filling_rate {stratix10} {gtl_default} {reg=32} {lut=60} {bram=60} {dsp=60} {ramlut=40} {fwc=18} {qiwc=40}
set_filling_rate {stratix10} {gtl_high} {reg=40} {lut=65} {bram=95} {dsp=95} {ramlut=55} {fwc=25} {qiwc=50}
set_disk_space {virtex5} -ctype {cstg} {302}
set_disk_space {virtex6} -ctype {cstg} {302}
set_disk_space {virtex7} -ctype {cstg} {302}
set_disk_space {virtex8} -ctype {cstg} {302}
set_disk_space {vu19p} -ctype {cstg} {302}
set_disk_space {stratix10} -ctype {cstg} {302}
set_disk_space {virtex5} -ctype {csts} {1.04}
set_disk_space {virtex6} -ctype {csts} {1.04}
set_disk_space {virtex7} -ctype {csts} {1.04}
set_disk_space {virtex8} -ctype {csts} {1.04}
set_disk_space {vu19p} -ctype {csts} {1.04}
set_disk_space {stratix10} -ctype {csts} {1.04}
set_disk_space {virtex5} -ctype {cstb} {229}
set_disk_space {virtex6} -ctype {cstb} {229}
set_disk_space {virtex7} -ctype {cstb} {229}
set_disk_space {virtex8} -ctype {cstb} {229}
set_disk_space {vu19p} -ctype {cstb} {229}
set_disk_space {stratix10} -ctype {cstb} {229}
set_disk_space {virtex5} -ctype {cstc} {164}
set_disk_space {virtex6} -ctype {cstc} {164}
set_disk_space {virtex7} -ctype {cstc} {164}
set_disk_space {virtex8} -ctype {cstc} {164}
set_disk_space {vu19p} -ctype {cstc} {164}
set_disk_space {stratix10} -ctype {cstc} {164}
set_disk_space {virtex5} -ctype {cstx} {156.7}
set_disk_space {virtex6} -ctype {cstx} {156.7}
set_disk_space {virtex7} -ctype {cstx} {156.7}
set_disk_space {virtex8} -ctype {cstx} {156.7}
set_disk_space {vu19p} -ctype {cstx} {156.7}
set_disk_space {stratix10} -ctype {cstx} {156.7}
set_disk_space {virtex5} -ctype {cste} {400}
set_disk_space {virtex6} -ctype {cste} {400}
set_disk_space {virtex7} -ctype {cste} {400}
set_disk_space {virtex8} -ctype {cste} {400}
set_disk_space {vu19p} -ctype {cste} {400}
set_disk_space {stratix10} -ctype {cste} {400}
set_disk_space {virtex5} -ctype {cstv} {517}
set_disk_space {virtex6} -ctype {cstv} {517}
set_disk_space {virtex7} -ctype {cstv} {517}
set_disk_space {virtex8} -ctype {cstv} {517}
set_disk_space {vu19p} -ctype {cstv} {517}
set_disk_space {stratix10} -ctype {cstv} {517}
set_resource_max {virtex5} {bram=172} {ramlut=5184}
set_resource_max {virtex6} {bram=359} {ramlut=13248}
set_resource_max {virtex7} {bram=645} {ramlut=34480}
set_resource_max {virtex8} {bram=645} {ramlut=34480}
set_resource_max {vu19p} {bram=540} {ramlut=34480} {uram=80}
set_resource_max {stratix10} {bram=645} {ramlut=34480}
System quiet 
System quiet 
Component new XC5V330 
Component set XC5V330.type PROGRAMMABLE 
Component set XC5V330.usetype DESIGN 
Component set XC5V330.part 5vlx330-1-ff1760 
Component set XC5V330.die 1 
Component new XC5V110 
Component set XC5V110.type PROGRAMMABLE 
Component set XC5V110.usetype DESIGN 
Component set XC5V110.part 5vlx110-1-ff1760 
Component set XC5V110.die 1 
Component new XC5V330_IF 
Component set XC5V330_IF.type PROGRAMMABLE 
Component set XC5V330_IF.usetype IF 
Component set XC5V330_IF.part 5vlx330-1-ff1760 
Component set XC5V330_IF.die 1 
Component new XC5V110_IF 
Component set XC5V110_IF.type PROGRAMMABLE 
Component set XC5V110_IF.usetype IF 
Component set XC5V110_IF.part 5vlx110-1-ff1760 
Component set XC5V110_IF.die 1 
Component new XC6V760 
Component set XC6V760.type PROGRAMMABLE 
Component set XC6V760.usetype DESIGN 
Component set XC6V760.part 6vlx760-1-ff1760 
Component set XC6V760.die 1 
Component new XC6V760_IF 
Component set XC6V760_IF.type PROGRAMMABLE 
Component set XC6V760_IF.usetype IF 
Component set XC6V760_IF.part 6vlx760-1-ff1760 
Component set XC6V760_IF.die 1 
Component new XC6V550 
Component set XC6V550.type PROGRAMMABLE 
Component set XC6V550.usetype DESIGN 
Component set XC6V550.part 6vlx550t-1-ff1760 
Component set XC6V550.die 1 
Component new XC6V550_IF 
Component set XC6V550_IF.type PROGRAMMABLE 
Component set XC6V550_IF.usetype IF 
Component set XC6V550_IF.part 6vlx550t-1-ff1760 
Component set XC6V550_IF.die 1 
Component new XC7V2000 
Component set XC7V2000.type PROGRAMMABLE 
Component set XC7V2000.usetype DESIGN 
Component set XC7V2000.part 7vlx2000tff1925 
Component set XC7V2000.die 1 
Component new XC7V2000_DIE 
Component set XC7V2000_DIE.type PROGRAMMABLE 
Component set XC7V2000_DIE.usetype DESIGN 
Component set XC7V2000_DIE.part 7vlx2000tff1925:die 
Component set XC7V2000_DIE.die 4 
Component new XC7V2000_IF 
Component set XC7V2000_IF.type PROGRAMMABLE 
Component set XC7V2000_IF.usetype IF 
Component set XC7V2000_IF.part 7vlx2000tff1925 
Component set XC7V2000_IF.die 1 
Component new XCVU440 
Component set XCVU440.type PROGRAMMABLE 
Component set XCVU440.usetype DESIGN 
Component set XCVU440.part xcvu440flva2892 
Component set XCVU440.die 1 
Component new XCVU440_DIE 
Component set XCVU440_DIE.type PROGRAMMABLE 
Component set XCVU440_DIE.usetype DESIGN 
Component set XCVU440_DIE.part xcvu440flva2892:die 
Component set XCVU440_DIE.die 3 
Component new XCVU440_IF 
Component set XCVU440_IF.type PROGRAMMABLE 
Component set XCVU440_IF.usetype IF 
Component set XCVU440_IF.part xcvu440flva2892 
Component new M21605 
Component set M21605.type PROGRAMMABLE 
Component set M21605.usetype HUBCOMP 
Component set M21605.part MACOM21605 
Component new M23170 
Component set M23170.type PROGRAMMABLE 
Component set M23170.usetype HUBCOMP 
Component set M23170.part MACOM23170 
Component new VU19P 
Component set VU19P.type PROGRAMMABLE 
Component set VU19P.usetype DESIGN 
Component set VU19P.part xcvu19p-fsva3824-1-e 
Component set VU19P.die 1 
Component new VU3P 
Component set VU3P.type PROGRAMMABLE 
Component set VU3P.usetype DESIGN 
Component set VU3P.part xcvu3p-ffvc1517-1-e 
Component set VU3P.die 1 
Component new S10_280 
Component set S10_280.type PROGRAMMABLE 
Component set S10_280.usetype DESIGN 
Component set S10_280.part 1sg280lh2f55i2vg 
Component new S10_10M_DIE 
Component set S10_10M_DIE.type PROGRAMMABLE 
Component set S10_10M_DIE.usetype DESIGN 
Component set S10_10M_DIE.part 1sg10m_u1 
Component set S10_10M_DIE.die 1 
Component new S10_10MS1_DIE_U1 
Component set S10_10MS1_DIE_U1.type PROGRAMMABLE 
Component set S10_10MS1_DIE_U1.usetype DESIGN 
Component set S10_10MS1_DIE_U1.part 1SG10MHN3F74C2LGS1_U1 
Component set S10_10MS1_DIE_U1.die 1 
Component new S10_10MS1_DIE_U2 
Component set S10_10MS1_DIE_U2.type PROGRAMMABLE 
Component set S10_10MS1_DIE_U2.usetype DESIGN 
Component set S10_10MS1_DIE_U2.part 1SG10MHN3F74C2LGS1_U2 
Component set S10_10MS1_DIE_U2.die 1 
Component new S10_10MS2_DIE_U1 
Component set S10_10MS2_DIE_U1.type PROGRAMMABLE 
Component set S10_10MS2_DIE_U1.usetype DESIGN 
Component set S10_10MS2_DIE_U1.part 1SG10MHN3F74C2LGS2_U1 
Component set S10_10MS2_DIE_U1.die 1 
Component new S10_10MS2_DIE_U2 
Component set S10_10MS2_DIE_U2.type PROGRAMMABLE 
Component set S10_10MS2_DIE_U2.usetype DESIGN 
Component set S10_10MS2_DIE_U2.part 1SG10MHN3F74C2LGS2_U2 
Component set S10_10MS2_DIE_U2.die 1 
Component new S10_10MPROD_DIE_U1 
Component set S10_10MPROD_DIE_U1.type PROGRAMMABLE 
Component set S10_10MPROD_DIE_U1.usetype DESIGN 
Component set S10_10MPROD_DIE_U1.part 1SG10MHN3F74C2LG_U1 
Component set S10_10MPROD_DIE_U1.die 1 
Component new S10_10MPROD_DIE_U2 
Component set S10_10MPROD_DIE_U2.type PROGRAMMABLE 
Component set S10_10MPROD_DIE_U2.usetype DESIGN 
Component set S10_10MPROD_DIE_U2.part 1SG10MHN3F74C2LG_U2 
Component set S10_10MPROD_DIE_U2.die 1 
Component new S10_10M_DIE_U1 
Component set S10_10M_DIE_U1.type PROGRAMMABLE 
Component set S10_10M_DIE_U1.usetype DESIGN 
Component set S10_10M_DIE_U1.part ND7M_PART1_U1 
Component set S10_10M_DIE_U1.die 1 
Component new S10_10M_DIE_U2 
Component set S10_10M_DIE_U2.type PROGRAMMABLE 
Component set S10_10M_DIE_U2.usetype DESIGN 
Component set S10_10M_DIE_U2.part ND7M_PART1_U2 
Component set S10_10M_DIE_U2.die 1 
Component new S10_10MF_DIE_U1 
Component set S10_10MF_DIE_U1.type PROGRAMMABLE 
Component set S10_10MF_DIE_U1.usetype DESIGN 
Component set S10_10MF_DIE_U1.part ND7MF_PART_LEFT 
Component set S10_10MF_DIE_U1.die 1 
Component new S10_10MF_DIE_U2 
Component set S10_10MF_DIE_U2.type PROGRAMMABLE 
Component set S10_10MF_DIE_U2.usetype DESIGN 
Component set S10_10MF_DIE_U2.part ND7MF_PART_RIGHT 
Component set S10_10MF_DIE_U2.die 1 
Component new ZSE_ICE_CONNECTOR 
Component set ZSE_ICE_CONNECTOR.type MACRO 
Component set ZSE_ICE_CONNECTOR.part SMC_Q_50 
Component set ZSE_ICE_CONNECTOR.class DIRECT_ICE 
Component new ZSE_ZALTA_CONNECTOR 
Component set ZSE_ZALTA_CONNECTOR.type MACRO 
Component set ZSE_ZALTA_CONNECTOR.part SMC_Q_50 
Component set ZSE_ZALTA_CONNECTOR.class DIRECT_ICE 
System quiet 
Target new zebu 
Target set zebu.netlist /opt/coe/synopsys/zebu/Q-2020.03-SP1-4/etc/sys/ZSE/edifs/zse_sbp_5s_v3.edf.gz 
Target set zebu.top zse_sbp_5s 
Target set zebu.product zse 
Target set zebu.zparfwlib zse_hw_zPar.edf.gz 
Target set zebu.zrmfwlib zse_hw_zrm.edf.gz 
Target set zebu.zfwfwlib zse_hw_zFW.edf.gz 
Target set zebu.mbname zse_sbp_5s 
Target set zebu.id 5S 
Target set zebu.frequency 450 
Target set zebu.trace on 
System quiet 
Module new zse_xc7v_8c_2000_v1 
Module set zse_xc7v_8c_2000_v1.netlist /opt/coe/synopsys/zebu/Q-2020.03-SP1-4/etc/sys/ZSE/edifs/zse_xc7v_8c_2000_v1.edf.gz 
Module set zse_xc7v_8c_2000_v1.rtbconfig /opt/coe/synopsys/zebu/Q-2020.03-SP1-4/etc/sys/ZSE/configs/zse_xc7v_8c_2000_v1_rtb.tcl 
Module set zse_xc7v_8c_2000_v1.top zse_xc7v_8c_v1 
Module set zse_xc7v_8c_2000_v1.type zse_module 
Module set zse_xc7v_8c_2000_v1.fwlibname zse_xc7v_8c_v1 
Module set zse_xc7v_8c_2000_v1.id XC7V_8C 
Module set zse_xc7v_8c_2000_v1.bufg 6 20 
Component new F00_ZSE_XC7V_8C_2000_V1 
Component set F00_ZSE_XC7V_8C_2000_V1.type XC7V2000 
Component set F00_ZSE_XC7V_8C_2000_V1.bitgen_options -w -g DriveDONE:Yes -g persist:x32 -g StartUpClk:CCLK -g OverTempPowerDown:Enable 
Module set zse_xc7v_8c_2000_v1.component 0 F00_ZSE_XC7V_8C_2000_V1 
Module set zse_xc7v_8c_2000_v1.embedded_zrm 0 32x64 dram 0 0 
Module set zse_xc7v_8c_2000_v1.embedded_zrm 1 32x64 dram 1 0 
Component new F01_ZSE_XC7V_8C_2000_V1 
Component set F01_ZSE_XC7V_8C_2000_V1.type XC7V2000 
Component set F01_ZSE_XC7V_8C_2000_V1.bitgen_options -w -g DriveDONE:Yes -g persist:x32 -g StartUpClk:CCLK -g OverTempPowerDown:Enable 
Module set zse_xc7v_8c_2000_v1.component 1 F01_ZSE_XC7V_8C_2000_V1 
Module set zse_xc7v_8c_2000_v1.embedded_zrm 2 32x64 dram 0 1 
Module set zse_xc7v_8c_2000_v1.embedded_zrm 3 32x64 dram 1 1 
Component new F02_ZSE_XC7V_8C_2000_V1 
Component set F02_ZSE_XC7V_8C_2000_V1.type XC7V2000 
Component set F02_ZSE_XC7V_8C_2000_V1.bitgen_options -w -g DriveDONE:Yes -g persist:x32 -g StartUpClk:CCLK -g OverTempPowerDown:Enable 
Module set zse_xc7v_8c_2000_v1.component 2 F02_ZSE_XC7V_8C_2000_V1 
Component new F03_ZSE_XC7V_8C_2000_V1 
Component set F03_ZSE_XC7V_8C_2000_V1.type XC7V2000 
Component set F03_ZSE_XC7V_8C_2000_V1.bitgen_options -w -g DriveDONE:Yes -g persist:x32 -g StartUpClk:CCLK -g OverTempPowerDown:Enable 
Module set zse_xc7v_8c_2000_v1.component 3 F03_ZSE_XC7V_8C_2000_V1 
Component new F04_ZSE_XC7V_8C_2000_V1 
Component set F04_ZSE_XC7V_8C_2000_V1.type XC7V2000 
Component set F04_ZSE_XC7V_8C_2000_V1.bitgen_options -w -g DriveDONE:Yes -g persist:x32 -g StartUpClk:CCLK -g OverTempPowerDown:Enable 
Module set zse_xc7v_8c_2000_v1.component 4 F04_ZSE_XC7V_8C_2000_V1 
Component new F05_ZSE_XC7V_8C_2000_V1 
Component set F05_ZSE_XC7V_8C_2000_V1.type XC7V2000 
Component set F05_ZSE_XC7V_8C_2000_V1.bitgen_options -w -g DriveDONE:Yes -g persist:x32 -g StartUpClk:CCLK -g OverTempPowerDown:Enable 
Module set zse_xc7v_8c_2000_v1.component 5 F05_ZSE_XC7V_8C_2000_V1 
Component new F06_ZSE_XC7V_8C_2000_V1 
Component set F06_ZSE_XC7V_8C_2000_V1.type XC7V2000 
Component set F06_ZSE_XC7V_8C_2000_V1.bitgen_options -w -g DriveDONE:Yes -g persist:x32 -g StartUpClk:CCLK -g OverTempPowerDown:Enable 
Module set zse_xc7v_8c_2000_v1.component 6 F06_ZSE_XC7V_8C_2000_V1 
Module set zse_xc7v_8c_2000_v1.embedded_zrm 4 32x64 dram 0 6 
Module set zse_xc7v_8c_2000_v1.embedded_zrm 5 32x64 dram 1 6 
Component new F07_ZSE_XC7V_8C_2000_V1 
Component set F07_ZSE_XC7V_8C_2000_V1.type XC7V2000 
Component set F07_ZSE_XC7V_8C_2000_V1.bitgen_options -w -g DriveDONE:Yes -g persist:x32 -g StartUpClk:CCLK -g OverTempPowerDown:Enable 
Module set zse_xc7v_8c_2000_v1.component 7 F07_ZSE_XC7V_8C_2000_V1 
Module set zse_xc7v_8c_2000_v1.embedded_zrm 6 32x64 dram 0 7 
Module set zse_xc7v_8c_2000_v1.embedded_zrm 7 32x64 dram 1 7 
Component new F08_ZSE_XC7V_8C_2000_V1 
Component set F08_ZSE_XC7V_8C_2000_V1.type XC7V2000 
Component set F08_ZSE_XC7V_8C_2000_V1.bitgen_options -w -g DriveDONE:Yes -g persist:x32 -g StartUpClk:CCLK -g OverTempPowerDown:Enable 
Module set zse_xc7v_8c_2000_v1.component 8 F08_ZSE_XC7V_8C_2000_V1 
Module set zse_xc7v_8c_2000_v1.embedded_zrm 8 128x512 dram 0 8 
Module set zse_xc7v_8c_2000_v1.embedded_zrm 9 128x512 dram 1 8 
Component new IF_ZSE_XC7V_8C_2000_V1 
Component set IF_ZSE_XC7V_8C_2000_V1.type XC7V2000_IF 
Component set IF_ZSE_XC7V_8C_2000_V1.bitgen_options do not edit this line (set by zRTB_FW via zse_xc7v_8c_2000_v1_rtb.tcl) 
Module set zse_xc7v_8c_2000_v1.component 9 IF_ZSE_XC7V_8C_2000_V1 
Target set zebu.module 0 U0.M0 zse_xc7v_8c_2000_v1  58A2 
Target set zebu.module 1 U0.M1 zse_xc7v_8c_2000_v1  3872 
Target set zebu.module 2 U0.M2 zse_xc7v_8c_2000_v1  9E32 
Target set zebu.module 3 U0.M3 zse_xc7v_8c_2000_v1  39B2 
Target set zebu.module 4 U0.M4 zse_xc7v_8c_2000_v1  3932 
#   step TARGET INFO : Loading target informations from file '/mnt/quinn_zebu/ZEBU_SYSTEM_DIR/config/zse_configuration.tcl'
#   step TARGET INFO : Driving target informations in file 'zTargetTools.xcui'
