

                                    ZeBu (R)
                                     zRTLDB

              Version Q-2020.03-SP1-4 for linux64 - Oct 18, 2022 

                    Copyright (c) 2002 - 2022 Synopsys, Inc.
   This software and the associated documentation are proprietary to Synopsys,
 Inc. This software may only be used in accordance with the terms and conditions
 of a written license agreement with Synopsys, Inc. All other use, reproduction,
   or distribution of this software is strictly prohibited.  Licensed Products
     communicate with Synopsys servers for the purpose of providing software
    updates, detecting software piracy and verifying that customers are using
    Licensed Products in conformity with the applicable License Key for such
  Licensed Products. Synopsys will use information gathered in connection with
    this process to deliver software updates and pursue software pirates and
                                   infringers.

 Inclusivity & Diversity - Visit SolvNetPlus to read the "Synopsys Statement on
            Inclusivity and Diversity" (Refer to article 000036315 at
                        https://solvnetplus.synopsys.com)



Revision: (3880202)

# zRTLDB optionsdb_be.tcl
# start time is Wed Apr 19 01:04:47 2023

# Creating options.db ...


#   exec summary :    0 warnings,    0 syntax errors,    0 fatal errors,    0 internal errors
#   exec summary : user 0m0.31s, sys 0m0.14s
#   exec summary : Total memory: 153444 kB - RSS memory: 9524 kB - Data memory: 3788 kB
#   exec summary : Successful execution

# end time is Wed Apr 19 01:04:47 2023
command exit code is '0'
