.. Command: /opt/coe/synopsys/zebu/Q-2020.03-SP1-4/bin/tracean3.py --top-delay=5 --syn-details=5 --pr-summary-by-time=5 --hhmm --local-time=detect --show-memory --fix-graph --cpu-time /home/faculty/d/davidkebo/davidkebo/csce689/labs/lab3-davidkebo/zebu/zcui.work
.. Reading /home/faculty/d/davidkebo/davidkebo/csce689/labs/lab3-davidkebo/zebu/zcui.work/zCui/backup/backend_default_23_4_19_01_04_14/prof/tracerun.cui ...
.. Detected --work=/home/faculty/d/davidkebo/davidkebo/csce689/labs/lab3-davidkebo/zebu/zcui.work/.
.. Detected --submit-host=csce-quinn-s1.engr.tamu.edu
.. Detected local time offset of -5.0 hours
.. The first task started at Wed, 19 Apr 2023 06:04:17 UTC
.. No timing info for RhinoFsdb_Builder (execution)
.. No timing info for Verdi_Compilation (execution)
.. No timing info for backend_default_Intermediate_Profiling_Results_Analyzer_VCSAnalyzer (execution)
.. No timing info for design_Default_RTL_GroupBundle_0_Synthesis (execution)

*** Incremental = No ***

Grade  Bogomips  Cache   Count  CPU model (sample machine)
-----  --------  ------  -----  --------------------------
 1.00      4600   25600      1  Intel(R) Xeon(R) CPU E5-2650 v3 @ 2.30GHz (csce-quinn-s1.engr.tamu.edu)

** UNKNOWN COMMAND: RhinoFsdb_Builder (duration: 0)
** UNKNOWN COMMAND: Verdi_Compilation (duration: 0)
** UNKNOWN COMMAND: backend_default_Intermediate_Profiling_Results_Analyzer_VCSAnalyzer (duration: 0)
** UNKNOWN COMMAND: design_Default_RTL_GroupBundle_0_Synthesis (duration: 0)

======================================================================
*** Back-end name: default backend ***

Critical path, based on actual execution timing
===============================================

Elapsed  %total   SElapsed   SE/E  CPUtime  Stage
-------  ------  ----------------  -------  -----
   0:00  15.87%       0:00    0.9    0:00  Checks + config
   0:00   4.93%       0:00    1.0    0:00  Build Fs Macro Library
   0:00  28.52%       0:00    1.0    0:00  Launch VCS
-------  ------  ----------------  -------  -----
   0:00  49.32%       0:00    1.0  * Total *

Columns:
- Elapsed: the difference between Finish and Submit times [hh:mm].
- %total: the percentage of Elapsed time in overall compilation. Note that
  it may add up to less than 100% if there were any gaps between Finish and
  Submit times of successive stages.
- SElapsed: sum of Elapsed times for all tasks constituting the stage. It
  may be greater than Elapsed if some or all of these tasks were executed
  in parallel [hh:mm].
- SE/E: equal to SElapsed/Elapsed. A value greater than 1.0 indicates that
  tasks were executed in parallel.
- CPUtime: the CPUtime of each task in the stage
Critical path, assuming timing without scheduling or grid delays
================================================================

Note: this section lists the same stages as the previous one.

Elapsed  %total   SElapsed   SE/E  CPUtime  Stage
-------  ------  ----------------  -------  -----
   0:00  25.12%       0:00    1.3    0:00  Checks + config
   0:00  11.04%       0:00    1.0    0:00  Build Fs Macro Library
   0:00  63.84%       0:00    1.0    0:00  Launch VCS
-------  ------  ----------------  -------  -----
   0:00 100.00%       0:00    1.1  * Total *


Critical path, assuming timing without delays, no PARFF and >= 100% CPU usage
=============================================================================

Note: this section lists the same stages as the previous one.

Elapsed  %total   SElapsed   SE/E  CPUtime  Stage
-------  ------  ----------------  -------  -----
   0:00  32.24%       0:00    1.3    0:00  Checks + config
   0:00  12.06%       0:00    1.0    0:00  Build Fs Macro Library
   0:00  55.70%       0:00    1.0    0:00  Launch VCS
-------  ------  ----------------  -------  -----
   0:00 100.00%       0:00    1.1  * Total *


Major compilation stages, ordered by submit time
================================================

Submit Elapsd %total   SExec  SE/E Tasks    %CPU Grade  Stage
------ ------------- ------------- -------------------  -----
 01:04   0:00  15.87    0:00   0.9     4   94.55  1.00  Checks + config
 01:04   0:00   4.93    0:00   1.0     1   79.71  1.00  Build Fs Macro Library
 01:04   0:00  28.52    0:00   1.0     1   63.66  1.00  Launch VCS

Columns:
- Submit: the submit time of the first task in the stage [hh:mm].
- Elapsd: the duration of the stage, based on actual timing [hh:mm].
- %total: the percentage of Elapsd time in overall compilation.
- SExec: sum of execution times (excluding scheduling and grid delays) for
  all tasks constituting the stage. It may be greater than Elapsd if some
  or all of these tasks were executed in parallel [hh:mm].
- SE/E: equal to SExec/Elapsd. A value greater than 1.0 indicates that
  tasks were executed in parallel.
- %CPU: average CPU utilization: total CPU time divided by SExec.
- Grade: average host grade.


Memory usage:  Max Resident Set Size [MB]
Known Unknown  Min      Avg      Max      Stage
----- -------  -------- -------- -------- -----
    4       0      14.8     88.3    247.4 Checks + config
    1       0      47.2     47.2     47.2 Build Fs Macro Library
    1       0     151.5    151.5    151.5 Launch VCS


** There were no tasks with grid delays >= 30 s

command exit code is '0'
