Checking backend 
Symbol file not removed
Fpga design: Route U0_M0_F08
   Target files OK
Fpga design: U0_M0_F0
   Target files OK
Fpga design: U0_M0_IF
   Target files OK
Analyze archive files
    Loading archive file zcui.work/backend_default/tools/zCui/zRDB_archive.xcui
    Loading archive file zcui.work/backend_default/tools/zCui/zRtlDb_archive.xcui
        WARNING: zcui.work/backend_default/options.db is a link (expected a file)
          using dereferenced link
    Loading archive file zcui.work/backend_default/tools/zCui/zPreBackend_archive.xcui
    Loading archive file zcui.work/backend_default/tools/zCui/zRTB_FW_U0_M0_archive.xcui
        WARNING: zcui.work/backend_default/*.c does not exist
        WARNING: zcui.work/backend_default/*.hh does not exist
        WARNING: zcui.work/backend_default/*.so does not exist
        WARNING: zcui.work/backend_default/*.v does not exist
        WARNING: zcui.work/backend_default/*.zsym does not exist
        WARNING: zcui.work/backend_default/pli.tab does not exist
        WARNING: zcui.work/backend_default/tools/zPrd/zebu_injector_U0_M0_injector.xref does not exist
    Loading archive file zcui.work/backend_default/tools/zCui/zTopBuild_archive.xcui
        WARNING: zcui.work/backend_default/U*/M*/ztune does not exist
        WARNING: zcui.work/backend_default/rtl_clock.xref is a file (expected a link)
          using plain file
        WARNING: zcui.work/backend_default/tools/zTopBuild/zTopBuild_trace.log does not exist
        WARNING: zcui.work/backend_default/zfwc.mk does not exist
    Loading archive file zcui.work/backend_default/tools/zCui/zPar_archive.xcui
        WARNING: zcui.work/backend_default/U0/M0/F00/zfwc_dpi.cc does not exist
        WARNING: zcui.work/backend_default/U0/M0/F08/design.fwc does not exist
        WARNING: zcui.work/backend_default/U0/M0/F08/zfwc_dpi.cc does not exist
        WARNING: zcui.work/backend_default/U0/M0/IF/design.fwc does not exist
        WARNING: zcui.work/backend_default/U0/M0/IF/zfwc_dpi.cc does not exist
    Loading archive file zcui.work/backend_default/tools/zCui/visigraphbuilder_archive.xcui
    Loading archive file zcui.work/backend_default/tools/zCui/zParBE_archive.xcui
        WARNING: zcui.work/backend_default/opt/coe/synopsys/zebu/Q-2020.03-SP1-4/etc/sys/ZSE/edifs/zse_xc7v_8c_2000_v1.edf.gz does not exist
    Loading archive file zcui.work/backend_default/tools/zCui/zRtlToEqui_archive.xcui
    Loading archive file zcui.work/backend_default/tools/zCui/version_archive.xcui
        WARNING: zcui.work/backend_default/version is a file (expected a link)
          using plain file
    Loading archive file zcui.work/backend_default/tools/zCui/zSimzilla_archive.xcui
    Loading archive file zcui.work/backend_default/tools/zCui/zRTB_FE_archive.xcui
    Loading archive file zcui.work/backend_default/tools/zCui/zTime_archive.xcui
    Loading archive file zcui.work/zCui/archive/vcs_archive.xcui
Building archive lists is successful 
Build archive file list
Checking successfull
