#   19/04/23  01:05:44 - zDB_Global will be launched
#   19/04/23  01:16:22 - Fpga backend_default_U0_M0_F08_PaR_Controller is passed
#   19/04/23  01:17:28 - Fpga backend_default_U0_M0_IF_PaR_Controller is passed
#   19/04/23  01:22:02 - Fpga backend_default_U0_M0_F00_PaR_Controller is passed
#   19/04/23  01:22:04 - zDBGlobal Script Written
#   19/04/23  01:22:04 - #   Wed 19 Apr 2023 01:22:04 AM CDT - backend_default_zDB_Global Spawned
#   19/04/23  01:22:09 - ZRDB merge breakdown:
#   19/04/23  01:22:09 -     - Initial_load : 0s
#   19/04/23  01:22:09 -     - ImportConstants : 0s
#   19/04/23  01:22:09 -     - EquiConsolidation : 0s
#   19/04/23  01:22:09 -     - Import_FPGA_U0/M0/F08 : 0s
#   19/04/23  01:22:09 -     - Import_FPGA_U0/M0/IF : 0s
#   19/04/23  01:22:09 -     - Import_FPGA_U0/M0/F00 : 0s
#   19/04/23  01:22:09 -     - MergeZebuDb : 0s
#   19/04/23  01:22:09 -     - ImportProperties : 0s
#   19/04/23  01:22:09 -     - ZebuPowerOnReplication : 0s
#   19/04/23  01:22:09 -     - CoordConsolidation : 0s
#   19/04/23  01:22:09 -     - FlagSignalsAndVectors : 0s
#   19/04/23  01:22:09 -     - FlagNodes : 0s
#   19/04/23  01:22:09 -     - BackslashMemDb : 0s
#   19/04/23  01:22:09 -     - ComputeAndSaveCRC : 0s
#   19/04/23  01:22:09 -     - CopyPowerDomainStatusCoordinates : 0s
#   19/04/23  01:22:09 -     - SaveMemories : 0s
#   19/04/23  01:22:09 -     - BuildExtendedPowerDomainDB : 0s
#   19/04/23  01:22:09 -     - IndexNames : 0s
#   19/04/23  01:22:09 -     - DefaultSelection : 0s
#   19/04/23  01:22:09 -     - SaveCoords : 0s
#   19/04/23  01:22:09 -     - SetSaveTreeParameters : 0s
#   19/04/23  01:22:09 -     - SaveNames : 0s
#   19/04/23  01:22:09 -     - SaveXCui : 0s
#   19/04/23  01:22:09 -     - SaveEquis : 0s
#   19/04/23  01:22:09 -     - SaveTreeLight : 0s
#   19/04/23  01:22:09 -     - ExportToMuDb : 1s
#   19/04/23  01:22:09 -     - SaveCoords : 0s
#   19/04/23  01:22:09 -     - CleanZebuDb : 0s
#   19/04/23  01:22:09 -     - SaveZebuDb : 0s
#   19/04/23  01:22:09 - Total computation : 1s
#   19/04/23  01:22:09 - zDBGlobal is passed
