

                                    ZeBu (R)
                                     zRTLDB

              Version Q-2020.03-SP1-4 for linux64 - Oct 18, 2022 

                    Copyright (c) 2002 - 2022 Synopsys, Inc.
   This software and the associated documentation are proprietary to Synopsys,
 Inc. This software may only be used in accordance with the terms and conditions
 of a written license agreement with Synopsys, Inc. All other use, reproduction,
   or distribution of this software is strictly prohibited.  Licensed Products
     communicate with Synopsys servers for the purpose of providing software
    updates, detecting software piracy and verifying that customers are using
    Licensed Products in conformity with the applicable License Key for such
  Licensed Products. Synopsys will use information gathered in connection with
    this process to deliver software updates and pursue software pirates and
                                   infringers.

 Inclusivity & Diversity - Visit SolvNetPlus to read the "Synopsys Statement on
            Inclusivity and Diversity" (Refer to article 000036315 at
                        https://solvnetplus.synopsys.com)



Revision: (3880202)

# zRTLDB zrtldb_be.tcl
# start time is Wed Apr 19 01:04:47 2023

# RhinoDB status is set by default value: rhino_default_status:1.
# VCS_HOME=/opt/coe/synopsys/vcs/Q-2020.03-SP2-12
# Merging RTLDBs for all groups...
### warning in zRTLDB [ZR0009W] : Install 'lndir' for faster processing.
# Generating RTLDB index files...
#   step INFO : RTLDB version is Build Q-2020.03-SP1-4 Oct 17 2022 (4399324)
#   step RhinoDB : Running Re-enumeration
#   step RhinoDB : Executing /opt/coe/synopsys/vcs/Q-2020.03-SP2-12/bin/zCreateNameDB -r -z /home/faculty/d/davidkebo/davidkebo/csce689/labs/lab3-davidkebo/zebu/zcui.work/design/../ -v >& zRTLDB_be.log.NameDB.reenumeration.log
#   step RhinoDB : Done
# Processing Href files...


#   exec summary :    1 warnings,    0 syntax errors,    0 fatal errors,    0 internal errors
#   exec summary : user 0m0.37s, sys 0m0.35s
#   exec summary : Total memory: 154356 kB - RSS memory: 10124 kB - Data memory: 3788 kB
#   exec summary : Successful execution

# end time is Wed Apr 19 01:04:47 2023
command exit code is '0'
