


                                    ZeBu (R)
                                      zFe

              Version Q-2020.03-SP1-4 for linux64 - Oct 02, 2022 

                    Copyright (c) 2002 - 2022 Synopsys, Inc.
   This software and the associated documentation are proprietary to Synopsys,
 Inc. This software may only be used in accordance with the terms and conditions
 of a written license agreement with Synopsys, Inc. All other use, reproduction,
   or distribution of this software is strictly prohibited.  Licensed Products
     communicate with Synopsys servers for the purpose of providing software
    updates, detecting software piracy and verifying that customers are using
    Licensed Products in conformity with the applicable License Key for such
  Licensed Products. Synopsys will use information gathered in connection with
    this process to deliver software updates and pursue software pirates and
                                   infringers.

 Inclusivity & Diversity - Visit SolvNetPlus to read the "Synopsys Statement on
            Inclusivity and Diversity" (Refer to article 000036315 at
                        https://solvnetplus.synopsys.com)


#   info : #----------------------------------------------------------------
#   info : Setup
#   info : #----------------------------------------------------------------
# command line is /opt/coe/synopsys/zebu/Q-2020.03-SP1-4/bin/zFe fs_macros.tcl -log fsMacro.log -zlog 1 
# start time is Wed Apr 19 01:04:25 CDT 2023
#   step Setup : CVS $Revision: #14 $
#   step Setup : CVS $Date: 2021/08/23 $
#   step Setup :         NEXT CALL to cmn::option auto_hcsrc true
#   step Setup :         NEXT CALL to cmn::option technology vtx7
#   info : #----------------------------------------------------------------
#   info : dump_macro_lib
#   info : #----------------------------------------------------------------
#   step dump_macro_lib :         NEXT CALL to cmn::dump_macro_lib fs_macros.edf

#   step exec summary : time 0m1.65167s
#   exec summary : Total memory: 0000 kB minimum 
#   exec summary : Successful execution

# end time is Wed Apr 19 01:04:26 CDT 2023
zFe exit status: 0
command exit code is '0'
