
Processing fifo_0000
before buildCfgFromIStructural: 0u 0s 31e 601560kB
Before processing instances: 0u 0s 75e 601560kB
After processing instances: 0u 0s 81e 601560kB
before processing cont assigns: 0u 0s 81e 601560kB
after processing cont assigns: 0u 0s 141e 601560kB
before processing processes: 0u 0s 141e 601560kB
after processing processes: 0u 0s 211e 601560kB
after buildCfgFromIStructural: 0u 0s 217e 601560kB
before ns->mergeSimpleProcesses: 0u 0s 214e 601560kB
after ns->mergeSimpleProcesses: 0u 0s 214e 601560kB
before ns->splitPartialWrites: 0u 0s 214e 601560kB
after ns->splitPartialWrites: 0u 0s 214e 601560kB
before removeUnneededLatches: 0u 0s 214e 601560kB
after removeUnneededLatches: 0u 0s 214e 601560kB
before printMsgForBothBAandNBAAccrossProcess: 0u 0s 214e 601560kB
after printMsgForBothBAandNBAAccrossProcess: 0u 0s 214e 601560kB
after other NameScope processing: 0u 0s 214e 601560kB
before rebuildInstGraph: 0u 0s 222e 601560kB
  before addAllInScope: 0u 0s 222e 601560kB
  after addAllInScope: 0u 0s 222e 601560kB
after rebuildInstGraph: 0u 0s 222e 601560kB
before markTristateCones : 0u 0s 222e 601560kB
after markTristateCones : 0u 0s 222e 601560kB
after scheduling: 0u 0s 326e 601560kB
after model->finalize: 0.01u 0s 399e 601560kB
before attribute propagation: 0.01u 0s 438e 601560kB
after attribute propagation: 0.01u 0s 438e 601560kB
before constantPropagate: 0.01u 0s 438e 601560kB
after constantPropagate: 0.01u 0s 438e 601560kB
before removeUnusedSignals circuit: 0.01u 0s 438e 601560kB
after removeUnusedSignals circuit: 0.01u 0s 438e 601560kB
before optimize latch enable: 0.01u 0s 438e 601560kB
after optimize latch enable: 0.01u 0s 438e 601560kB
after circuit->load: 0.01u 0s 438e 601560kB
