


                                    ZeBu (R)
                                      zFe

              Version Q-2020.03-SP1-4 for linux64 - Oct 02, 2022 

                    Copyright (c) 2002 - 2022 Synopsys, Inc.
   This software and the associated documentation are proprietary to Synopsys,
 Inc. This software may only be used in accordance with the terms and conditions
 of a written license agreement with Synopsys, Inc. All other use, reproduction,
   or distribution of this software is strictly prohibited.  Licensed Products
     communicate with Synopsys servers for the purpose of providing software
    updates, detecting software piracy and verifying that customers are using
    Licensed Products in conformity with the applicable License Key for such
  Licensed Products. Synopsys will use information gathered in connection with
    this process to deliver software updates and pursue software pirates and
                                   infringers.

 Inclusivity & Diversity - Visit SolvNetPlus to read the "Synopsys Statement on
            Inclusivity and Diversity" (Refer to article 000036315 at
                        https://solvnetplus.synopsys.com)


#   info : #----------------------------------------------------------------
#   info : Setup
#   info : #----------------------------------------------------------------
# command line is /opt/coe/synopsys/zebu/Q-2020.03-SP1-4/bin/zFe fs_macros.tcl -log fsMacro.log -zlog 1 
# start time is Wed Apr 19 01:04:25 CDT 2023
#   step Setup : CVS $Revision: #14 $
#   step Setup : CVS $Date: 2021/08/23 $
#   step Setup : Tcl executable is /opt/coe/synopsys/zebu/Q-2020.03-SP1-4/bin/ztclsh
#   step Setup : Tcl version is 8.6
#   step Setup : Tcl patch level is 8.6.6
#   step Setup : Tcl library directory is /opt/coe/synopsys/zebu/Q-2020.03-SP1-4/tcl/tcl8.6
#   step Setup : execing Tcl status is 1
#   step Setup : execing passed (something written to stderr, which is why Tcl status was 1)
#   step Setup : Path to zFe is /opt/coe/synopsys/zebu/Q-2020.03-SP1-4/bin
#   step Setup : zFe's current directory is /home/faculty/d/davidkebo/davidkebo/csce689/labs/lab3-davidkebo/zebu/zcui.work/design
#   step Setup : 'which hlog' is /opt/coe/synopsys/zebu/Q-2020.03-SP1-4/bin/hlog
#   step Setup : 'which hcom' is /opt/coe/synopsys/zebu/Q-2020.03-SP1-4/bin/hcom
#   step Setup : 'which hcs_mixed' is /opt/coe/synopsys/zebu/Q-2020.03-SP1-4/bin/hcs_mixed
#   step Setup : 'which vhorder' is /opt/coe/synopsys/zebu/Q-2020.03-SP1-4/bin/vhorder
#   step Setup : 'which vhs' is /opt/coe/synopsys/zebu/Q-2020.03-SP1-4/bin/vhs
#   step Setup : 'which zKeepRtlNames' is /opt/coe/synopsys/zebu/Q-2020.03-SP1-4/bin/zKeepRtlNames
#   step Setup : 'which zNetgen' is /opt/coe/synopsys/zebu/Q-2020.03-SP1-4/bin/zNetgen
#   step Setup : 'which zfast' is /opt/coe/synopsys/zebu/Q-2020.03-SP1-4/bin/zfast
#   step Setup : 'which zCui' is /opt/coe/synopsys/zebu/Q-2020.03-SP1-4/bin/zCui
#   step Setup : pid_hostname is 35197_csce-quinn-s1.engr.tamu.edu_643f8469 
#   step Setup : Environment variable ZEBU_ROOT is /opt/coe/synopsys/zebu/Q-2020.03-SP1-4
#   step Setup : Have set the data path to /opt/coe/synopsys/zebu/Q-2020.03-SP1-4
#   step Setup : Environment variable THARAS_ROOT has been set to /opt/coe/synopsys/zebu/Q-2020.03-SP1-4, because it was not set.
#   step Setup : Environment variable HCS_USECONFIG has been set to vcs, because it was not set.
#   step Setup : Environment variable EVE_VHDL_PACKAGE_ROOT has been set to /opt/coe/synopsys/zebu/Q-2020.03-SP1-4/etc/vhs/vhdl/vhdl_packages/x86_64, because it was not set.
#   step Setup : Environment variable VHDL_PDIR has been set to /opt/coe/synopsys/zebu/Q-2020.03-SP1-4/etc/vhs/vhdl/vhdl_packages/x86_64, because it was not set.
#   step Setup : Environment variable JAGUAR_HOME has been set to ., because it was not set.
#   step Setup : Debug flag = 0
#   step Setup : Attribute files read: /opt/coe/synopsys/zebu/Q-2020.03-SP1-4/etc/vhs/hcsrc.zfs
#   step Setup : Debug flag = 0
#   step Setup : Attribute files read: /opt/coe/synopsys/zebu/Q-2020.03-SP1-4/etc/vhs/hcsrc.zfs
     /opt/coe/synopsys/zebu/Q-2020.03-SP1-4/etc/vhs/hcsrc.zcui
#   step Setup : Sourcing file fs_macros.tcl
#   step Setup :         NEXT CALL to cmn::option auto_hcsrc true
#   step Setup :         NEXT CALL to cmn::option technology vtx7
#   info : #----------------------------------------------------------------
#   info : dump_macro_lib
#   info : #----------------------------------------------------------------
#   step dump_macro_lib :         NEXT CALL to cmn::dump_macro_lib fs_macros.edf
#   step dump_macro_lib : Execing the following command:
#   step dump_macro_lib :    zfast +hcs+atf ./hcsrc_zfast_dump_macro_lib_01.parsed_args
#   step ALWAYS : 

                                    ZeBu (R)
                                     zfast

              Version Q-2020.03-SP1-4 for linux64 - Oct 18, 2022 

                    Copyright (c) 2002 - 2022 Synopsys, Inc.
   This software and the associated documentation are proprietary to Synopsys,
 Inc. This software may only be used in accordance with the terms and conditions
 of a written license agreement with Synopsys, Inc. All other use, reproduction,
   or distribution of this software is strictly prohibited.  Licensed Products
     communicate with Synopsys servers for the purpose of providing software
    updates, detecting software piracy and verifying that customers are using
    Licensed Products in conformity with the applicable License Key for such
  Licensed Products. Synopsys will use information gathered in connection with
    this process to deliver software updates and pursue software pirates and
                                   infringers.

 Inclusivity & Diversity - Visit SolvNetPlus to read the "Synopsys Statement on
            Inclusivity and Diversity" (Refer to article 000036315 at
                        https://solvnetplus.synopsys.com)

#   step dump_macro_lib : execing Tcl status is 0
#   step dump_macro_lib : execing passed (nothing written to stderr)
#   step dump_macro_lib : Deleting zfast_dump_macro_lib_dir/simh_01.simdir
#   step dump_macro_lib : Deleting ./hcsrc_zfast_dump_macro_lib_01.parsed_args
#   step dump_macro_lib : Sourcing file fs_macros.tcl returned the result string '0'
#   step dump_macro_lib : Sourcing file fs_macros.tcl has completed.

#   step exec summary : time 0m1.65167s
#   exec summary : Total memory: 0000 kB minimum 
#   exec summary : Successful execution

# end time is Wed Apr 19 01:04:26 CDT 2023
