#     Wed Apr 19 01:04:47 2023 : zCreateNameDB Started
#      : Reading the Serializing VCS Version
[2023-04-19 01:04:47.611600] [0x00007f6da385d780] [info]    #      : Reading the Serializing VCS Version

#      : Deserializing names dictionary
[2023-04-19 01:04:47.612248] [0x00007f6da385d780] [info]    #      : Deserializing names dictionary

#      : Deserializing libraries
[2023-04-19 01:04:47.612891] [0x00007f6da385d780] [info]    #      : Deserializing libraries

#      : Deserializing RTL
[2023-04-19 01:04:47.613415] [0x00007f6da385d780] [info]    #      : Deserializing RTL

#      : Deserializing Gate
[2023-04-19 01:04:47.613935] [0x00007f6da385d780] [info]    #      : Deserializing Gate

#      : Deserializing design object
[2023-04-19 01:04:47.614592] [0x00007f6da385d780] [info]    #      : Deserializing design object

#      : Populating Dfs Table
[2023-04-19 01:04:47.615262] [0x00007f6da385d780] [info]    #      : Populating Dfs Table

#      : ReEnumerating design
#      : Populating dfs mappings
#      : Building light dfs table
#      : Building dfs to light dfs table
#      : Collecting shared modules ids
#      : Collecting flops weights
#      : Collecting module licenses
#      : Collecting indexes
#      : Serializing RTL
#      : RTL type container ready
#      : RTL Light containers ready for module top
#      : RTL Light containers ready for module parity_check
#      : RTL Light containers ready for module clkg
#      : RTL Light containers ready for module dut
#      : RTL Light containers ready for module parity
#      : RTL Light containers ready for module ram
#      : RTL Light containers ready for module rom
#      : RTL Light containers ready for module stb
#      : RTL Light containers ready for module proba
#      : RTL Light containers ready for module fifo_usage_spy
#      : RTL Light containers ready for module zceiClockPort
#      : RTL Light containers ready for module fifo_0000
#      : RTL Light containers ready for module proba_0000
#      : Serializing design object
#      : Serializing names dictionary
#      : Serializing light dfs tables
zCreateNameDB finished without errors or warnings.
#     Wed Apr 19 01:04:47 2023 : zCreateNameDB Ended
