Undriven wires fix , Auto-fixing of undriven wires. 
 
 
Grounded ztop.zprt_preset. 
Grounded ztop.top.FP_00_09_00_08.ClockRegion000RD_18B.CLKN. 
Grounded ztop.zprt_fp_dreset. 
Grounded ztop.top.FP_00_09_00_08.ClockRegion000RD_18B.CLKP. 
Grounded ztop.zprt_dut_dreset. 
Grounded ztop.zprt_fclk[0]. 
Grounded ztop.zprt_fclk[1]. 
Grounded ztop.top.zcg_filterClock. 
Grounded ztop.zprt_fclk[2]. 
Grounded ztop.top.zcg_compositeClock. 
Grounded ztop.zprt_fclk[3]. 
Grounded ztop.top.zcg_skewClock. 
Grounded ztop.zprt_fclk[4]. 
Grounded ztop.zprt_fclk[5]. 
Grounded ztop.zprt_fclk[6]. 
Grounded ztop.zprt_fclk[7]. 
Grounded ztop.zprt_fclk[8]. 
Grounded ztop.zprt_fclk[9]. 
Grounded ztop.zprt_fclk[10]. 
Grounded ztop.zprt_fclk[11]. 
Grounded ztop.zprt_fclk[12]. 
Grounded ztop.zprt_fclk[13]. 
Grounded ztop.zprt_fclk[14]. 
Grounded ztop.zprt_fclk[15]. 
Grounded ztop.zprt_ziceclk[0]. 
Grounded ztop.zprt_ziceclk[1]. 
Grounded ztop.zprt_ziceclk[2]. 
Grounded ztop.zprt_ziceclk[3]. 
Grounded ztop.zprt_ziceclk[4]. 
Grounded ztop.zprt_ziceclk[5]. 
Grounded ztop.zprt_ziceclk[6]. 
Grounded ztop.zprt_ziceclk[7]. 
Grounded ztop.zprt_dclk[2]. 
Grounded ztop.zprt_dclk[3]. 
Grounded ztop.zprt_dclk[4]. 
Grounded ztop.zprt_dclk[5]. 
Grounded ztop.zprt_dclk[6]. 
Grounded ztop.zprt_dclk[7]. 
Grounded ztop.zprt_dclk[8]. 
Grounded ztop.zprt_dclk[9]. 
Grounded ztop.zprt_dclk[10]. 
Grounded ztop.zprt_dclk[11]. 
Grounded ztop.zprt_dclk[12]. 
Grounded ztop.zprt_dclk[13]. 
Grounded ztop.zprt_dclk[14]. 
Grounded ztop.zprt_dclk[15]. 
Grounded ztop.zprt_dclk_posedge_en[0]. 
Grounded ztop.zprt_dclk_posedge_en[1]. 
Grounded ztop.zprt_dclk_posedge_en[2]. 
Grounded ztop.zprt_dclk_posedge_en[3]. 
Grounded ztop.zprt_dclk_posedge_en[4]. 
Grounded ztop.zprt_dclk_posedge_en[5]. 
Grounded ztop.zprt_dclk_posedge_en[6]. 
Grounded ztop.zprt_dclk_posedge_en[7]. 
Grounded ztop.zprt_dclk_posedge_en[8]. 
Grounded ztop.zprt_dclk_posedge_en[9]. 
Grounded ztop.zprt_dclk_posedge_en[10]. 
Grounded ztop.zprt_dclk_posedge_en[11]. 
Grounded ztop.zprt_dclk_posedge_en[12]. 
Grounded ztop.zprt_dclk_posedge_en[13]. 
Grounded ztop.zprt_dclk_posedge_en[14]. 
Grounded ztop.zprt_dclk_posedge_en[15]. 
Grounded ztop.zprt_dclk_negedge_en[0]. 
Grounded ztop.zprt_dclk_negedge_en[1]. 
Grounded ztop.zprt_dclk_negedge_en[2]. 
Grounded ztop.zprt_dclk_negedge_en[3]. 
Grounded ztop.zprt_dclk_negedge_en[4]. 
Grounded ztop.zprt_dclk_negedge_en[5]. 
Grounded ztop.zprt_dclk_negedge_en[6]. 
Grounded ztop.zprt_dclk_negedge_en[7]. 
Grounded ztop.zprt_dclk_negedge_en[8]. 
Grounded ztop.zprt_dclk_negedge_en[9]. 
Grounded ztop.zprt_dclk_negedge_en[10]. 
Grounded ztop.zprt_dclk_negedge_en[11]. 
Grounded ztop.zprt_dclk_negedge_en[12]. 
Grounded ztop.zprt_dclk_negedge_en[13]. 
Grounded ztop.zprt_dclk_negedge_en[14]. 
Grounded ztop.zprt_dclk_negedge_en[15]. 
