Initial_load 1681885327 1681885327
ImportConstants 1681885327 1681885327
EquiConsolidation 1681885327 1681885327
Import_FPGA_U0/M0/F08 1681885327 1681885327
Import_FPGA_U0/M0/IF 1681885327 1681885327
Import_FPGA_U0/M0/F00 1681885327 1681885327
MergeZebuDb 1681885327 1681885327
ImportProperties 1681885327 1681885327
ZebuPowerOnReplication 1681885327 1681885327
CoordConsolidation 1681885327 1681885327
FlagSignalsAndVectors 1681885327 1681885327
FlagNodes 1681885327 1681885327
BackslashMemDb 1681885327 1681885327
ComputeAndSaveCRC 1681885327 1681885327
CopyPowerDomainStatusCoordinates 1681885327 1681885327
SaveMemories 1681885327 1681885327
BuildExtendedPowerDomainDB 1681885327 1681885327
IndexNames 1681885327 1681885327
DefaultSelection 1681885327 1681885327
SaveCoords 1681885327 1681885327
SetSaveTreeParameters 1681885327 1681885327
SaveNames 1681885327 1681885327
SaveXCui 1681885327 1681885327
SaveEquis 1681885327 1681885327
SaveTreeLight 1681885327 1681885327
ExportToMuDb 1681885327 1681885328
SaveCoords 1681885328 1681885328
CleanZebuDb 1681885328 1681885328
SaveZebuDb 1681885328 1681885328
