
                                    ZeBu (R)
                                      zRDB

              Version Q-2020.03-SP1-4 for linux64 - Oct 18, 2022 

                    Copyright (c) 2002 - 2022 Synopsys, Inc.
   This software and the associated documentation are proprietary to Synopsys,
 Inc. This software may only be used in accordance with the terms and conditions
 of a written license agreement with Synopsys, Inc. All other use, reproduction,
   or distribution of this software is strictly prohibited.  Licensed Products
     communicate with Synopsys servers for the purpose of providing software
    updates, detecting software piracy and verifying that customers are using
    Licensed Products in conformity with the applicable License Key for such
  Licensed Products. Synopsys will use information gathered in connection with
    this process to deliver software updates and pursue software pirates and
                                   infringers.

 Inclusivity & Diversity - Visit SolvNetPlus to read the "Synopsys Statement on
            Inclusivity and Diversity" (Refer to article 000036315 at
                        https://solvnetplus.synopsys.com)

# zRDB -krb -edf ./fpga_reports/zNetgen/design_db.znf -virtex 7 -o zrdb/ZebuDB.zdb -xdl design.loc -db zxl_base.zdb -forceTopName top -fpga F0 -unit U0 -module M0 

# start time is Wed Apr 19 01:18:58 2023




# Build Date : Oct 18 2022 - 01:00:11
# ---------------------------System Context--------------------------- 
# Cpu        40 x bogomips - 4604.47 Intel(R) Xeon(R) CPU E5-2650 v3 @ 2.30GHz
#            Load: 0.89 1.57 1.24 2/476 14306
#            Hostname: csce-quinn-s1.engr.tamu.edu   OS: Linux 3.10.0-1160.88.1.el7.x86_64
# Memory     Total: 193183 MB Free: 185491 MB
#            Total Free including cache: 190224 MB
#            Swap cache: 0 MB Cached space: 4733 MB
#            Swap space: 4095 MB Free Swap space: 4095 MB
#            VmSize: 353 MB VmPeak: 353 MB
# Disk Space Total: 250 GB Available: 244 GB Used: 6 GB
#            Free inodes: 524255281
# Stack                                Soft Limit           Hard Limit  
#            Max stack size            8388608              unlimited            bytes     
# -------------------------------------------------------------------- 


#   step ENV.VAR : LM_LICENSE_FILE=27070@coe-vtls3.engr.tamu.edu:27020@csce-quinn-s1.engr.tamu.edu:2100@csce-quinn-s1.engr.tamu.edu
#   step ENV.VAR : SNPSLMD_LICENSE_FILE=27070@coe-vtls3.engr.tamu.edu:27020@csce-quinn-s1.engr.tamu.edu:2100@csce-quinn-s1.engr.tamu.edu
#   step ENV.VAR : VCS_HOME=/opt/coe/synopsys/vcs/Q-2020.03-SP2-12
#   step ENV.VAR : VERDI_HOME=/opt/coe/synopsys/verdi/Q-2020.03-SP2-12
#   step ENV.VAR : ZEBU_AURA_FW_HOME=/opt/coe/synopsys/zebu/Q-2020.03-SP1-4/aura/fw
#   step ENV.VAR : ZEBU_AURA_SW_HOME=/opt/coe/synopsys/zebu/Q-2020.03-SP1-4/aura/sw
#   step ENV.VAR : ZEBU_COMPILATION_OBJECTIVE=
#   step ENV.VAR : ZEBU_DRIVER_PATH=/opt/coe/synopsys/zebu/Q-2020.03-SP1-4/drivers
#   step ENV.VAR : ZEBU_FPGA_MODULE_DIR=/home/faculty/d/davidkebo/davidkebo/csce689/labs/lab3-davidkebo/zebu/zcui.work/backend_default/U0/M0
#   step ENV.VAR : ZEBU_FPGA_ORIGINAL_DIR=/home/faculty/d/davidkebo/davidkebo/csce689/labs/lab3-davidkebo/zebu/zcui.work/backend_default/U0/M0/F00.Original
#   step ENV.VAR : ZEBU_FPGA_SRC_DIR=/home/faculty/d/davidkebo/davidkebo/csce689/labs/lab3-davidkebo/zebu/zcui.work/backend_default/U0/M0/F00.src
#   step ENV.VAR : ZEBU_ROOT=/opt/coe/synopsys/zebu/Q-2020.03-SP1-4
#   step ENV.VAR : ZEBU_SDF_ANALYSIS=1
#   step ENV.VAR : ZEBU_SYSTEM_DIR=/mnt/quinn_zebu/ZEBU_SYSTEM_DIR
#   step ENV.VAR : ZEBU_TRITON_ZS2=/opt/coe/synopsys/zebu/Q-2020.03-SP1-4/triton_zs2
#   step ENV.VAR : ZEBU_TRITON_ZS3=/opt/coe/synopsys/zebu/Q-2020.03-SP1-4/triton_zs3
#   step ENV.VAR : ZEBU_XIL=/opt/coe/synopsys/zebu/Q-2020.03-SP1-4/ise/ISE_DS
#   step ENV.VAR : ZEBU_XIL_VIVADO=/opt/coe/synopsys/zebu/Q-2020.03-SP1-4/vivado/
#   step ENV.VAR : ZEBU_XIL_VIVADO_P2=/opt/coe/synopsys/zebu/Q-2020.03-SP1-4/vivado_p2/
#   step ENV.VAR : ZEBU_XIL_VIVADO_P3=/opt/coe/synopsys/zebu/Q-2020.03-SP1-4/vivado_p3/ids_lite
#   step ENV.VAR : ZEBU_XIL_VIVADO_P4=/opt/coe/synopsys/zebu/Q-2020.03-SP1-4/vivado_p4/
#   step ZRDB : libZebuRDB version 2021.2.0 RW
#   step EDIF LOADER : reading EDIF file '/opt/coe/synopsys/zebu/Q-2020.03-SP1-4/etc/libXilinx.edif.gz'
#   step DATABASE : checking and preparing netlist.
#   step DATABASE : uniquified algo will be used.
#   step UNIQUIFY : Netlist with Top 'design'
#   step UNIQUIFY : 154 modules created
#   step DATABASE : Referencing nodes (top instances)
#   step DATABASE : 1 nodes referenced in 0 seconds. Total of 0 referenced nodes.
#   step DATABASE : reading data base 'zxl_base.zdb'
#   step ZVP : Reading vivado placement log file 'design.loc'
#   step ZVP : 'design.loc':1 - reading a FD/LD section
#   step ZVP : 'design.loc':3792 - reading a FD/LD section
#   step ZVP : 'design.loc':4166 - reading a BRAM section
#   step ZVP : 'design.loc':4172 - reading a URAM section
#   step ZVP : 'design.loc':4174 - reading a RAMLUT section
#   step ZVP : 420 ramluts found, 264 unsupported or unknown ramluts
#   step ZVP : 'design.loc':4650 - reading an SRL section
#   step ZVP : 'design.loc':5069 - reading a DSP48 section
#   step ZVP : File 'design.loc' : read complete in 0 seconds
#   step ZVP : Reading vivado simplifications log file 'vivado_opt.log'
#   step ZVP : Fetching constants
#   step ZVP : Fetching removed
#   step ZVP : File 'vivado_opt.log' : read complete in 0 seconds
#   step VVD : Collected 4161 register locations, 4926 constant or removed registers, 417 SRL locations, 4 BRAM locations, 0 URAM locations, and 210 RAMLUT locations.
#   step DATABASE : adding signals to data base 'zxl_base.zdb'
#   step KRB : Building top list
#   step KRB : added top 'U0_M0_F0/U0_M0_F0_core'
#   step DB : Top name set to 'top'
### warning in DATABASE [KRB0041W] : Property value 'and_0' for wire sva_end_0_has_edge is not correct.
### warning in DATABASE [KRB0041W] : Property value 'and_0' for wire sva_end_0_has_edge is not correct.
### warning in RDB0308W [Netlist] : could not find instance for SRL 'wc_ip_top/wrapper/fwc_ip_hs_cluster_32[0]/fwc_ctrl_l1_hs_0/wc_fifo_buffer/u.xst_wrapper/SRL_bit0[0]'
### warning in RDB0308W [Netlist] : could not find instance for SRL 'wc_ip_top/wrapper/fwc_ip_hs_cluster_32[0]/fwc_ctrl_l1_hs_0/wc_fifo_buffer/u.xst_wrapper/SRL_bit0[10]'
### warning in RDB0308W [Netlist] : could not find instance for SRL 'wc_ip_top/wrapper/fwc_ip_hs_cluster_32[0]/fwc_ctrl_l1_hs_0/wc_fifo_buffer/u.xst_wrapper/SRL_bit0[11]'
### warning in RDB0308W [Netlist] : could not find instance for SRL 'wc_ip_top/wrapper/fwc_ip_hs_cluster_32[0]/fwc_ctrl_l1_hs_0/wc_fifo_buffer/u.xst_wrapper/SRL_bit0[12]'
### warning in RDB0308W [Netlist] : could not find instance for SRL 'wc_ip_top/wrapper/fwc_ip_hs_cluster_32[0]/fwc_ctrl_l1_hs_0/wc_fifo_buffer/u.xst_wrapper/SRL_bit0[13]'
### warning in RDB0308W [Netlist] : could not find instance for SRL 'wc_ip_top/wrapper/fwc_ip_hs_cluster_32[0]/fwc_ctrl_l1_hs_0/wc_fifo_buffer/u.xst_wrapper/SRL_bit0[14]'
### warning in RDB0308W [Netlist] : could not find instance for SRL 'wc_ip_top/wrapper/fwc_ip_hs_cluster_32[0]/fwc_ctrl_l1_hs_0/wc_fifo_buffer/u.xst_wrapper/SRL_bit0[15]'
### warning in RDB0308W [Netlist] : could not find instance for SRL 'wc_ip_top/wrapper/fwc_ip_hs_cluster_32[0]/fwc_ctrl_l1_hs_0/wc_fifo_buffer/u.xst_wrapper/SRL_bit0[16]'
### warning in RDB0308W [Netlist] : could not find instance for SRL 'wc_ip_top/wrapper/fwc_ip_hs_cluster_32[0]/fwc_ctrl_l1_hs_0/wc_fifo_buffer/u.xst_wrapper/SRL_bit0[17]'
### warning in RDB0308W [Netlist] : could not find instance for SRL 'wc_ip_top/wrapper/fwc_ip_hs_cluster_32[0]/fwc_ctrl_l1_hs_0/wc_fifo_buffer/u.xst_wrapper/SRL_bit0[18]'
### warning in RDB0308W [Netlist] : could not find instance for SRL 'wc_ip_top/wrapper/fwc_ip_hs_cluster_32[0]/fwc_ctrl_l1_hs_0/wc_fifo_buffer/u.xst_wrapper/SRL_bit0[19]'
### warning in RDB0308W [Netlist] : could not find instance for SRL 'wc_ip_top/wrapper/fwc_ip_hs_cluster_32[0]/fwc_ctrl_l1_hs_0/wc_fifo_buffer/u.xst_wrapper/SRL_bit0[1]'
### warning in RDB0308W [Netlist] : could not find instance for SRL 'wc_ip_top/wrapper/fwc_ip_hs_cluster_32[0]/fwc_ctrl_l1_hs_0/wc_fifo_buffer/u.xst_wrapper/SRL_bit0[20]'
### warning in RDB0308W [Netlist] : could not find instance for SRL 'wc_ip_top/wrapper/fwc_ip_hs_cluster_32[0]/fwc_ctrl_l1_hs_0/wc_fifo_buffer/u.xst_wrapper/SRL_bit0[21]'
### warning in RDB0308W [Netlist] : could not find instance for SRL 'wc_ip_top/wrapper/fwc_ip_hs_cluster_32[0]/fwc_ctrl_l1_hs_0/wc_fifo_buffer/u.xst_wrapper/SRL_bit0[22]'
### warning in RDB0308W [Netlist] : Reached max count for message, next warning of this id won't be displayed.
#   step FWC : Allowed netlist top path : 'U0_M0_F0/U0_M0_F0_core' -> 'top'
#   step FWC : Allowed netlist top path : 'design/ZSVA' -> 'ZSVA'
#   step FWC : Starting FWC coordinate retrieval
#   step FWC : Exploring netlist step 1/3 : fetch all FWC coordinates
#   step FWC : Exploring netlist step 1/3 : done in 0 seconds
#   step FWC : Exploring netlist step 2/3 : associating FWC coordinates to paths
#   step FWC : Exploring netlist step 2/3 : done in 0 seconds
#   step FWC : Exploring netlist step 3/3 : clean backend datastructures
#   step FWC : Exploring netlist step 3/3 : done in 0 seconds
#   step FWC : Saving to file './zrdb/fwc_local_table.zrdb'
#   step FILE : Opening file './zrdb/fwc_local_table.zrdb' in write mode
#   step DICTIONARY : Serializing dictionary
#   step DICTIONARY : Serialized dictionary in 0 seconds, 176 different names
#   step FWC : Serializing 3 ValueSets
#   step FWC : Serializing value set 'ZSVA'
#   step FWC : Serializing valueset
#   step FWC : Serialized 10 hierarchical references, 13 signals, 14 coordinates in 0 seconds
#   step FWC : Serializing value set 'fwc_essential_signals'
#   step FWC : Serializing valueset
#   step FWC : Serialized 16 hierarchical references, 22 signals, 22 coordinates in 0 seconds
#   step FWC : Serializing value set 'fwc_fifo_ports'
#   step FWC : Serializing valueset
#   step FWC : Serialized 18 hierarchical references, 213 signals, 213 coordinates in 0 seconds
#   step FWC : All ValueSets serialized in 0 seconds
#   step FWC : Saved in 0 seconds'
#   step FWC : All done in '0 seconds'
### warning in DATABASE [RDB0289W] : Found 7239 mismatches between Xilinx file and Edif netlist
#   step KRB : Writing SAC to './zrdb/tree.zrdb'.
#   step KRB : Wrote SAC in 0 seconds.
#   step CompositeBuilder : Saving composite DB to './zrdb/composites.zrdb'
#   step FILE : Opening file './zrdb/composites.zrdb' in write mode

#   step zlog : Ran into 417 messages with id 'Netlist', yet only 16 were displayed in the log as per user request.
#   exec summary :  420 warnings,    0 syntax errors,    0 fatal errors,    0 internal errors
#   exec summary : wall clock 0m1s, user 0m1.54s, sys 0m0.156s
#   exec summary : Total memory: 892180 kB - RSS memory: 511580 kB - Data memory: 728148 kB
#   exec summary : Successful execution

# end time is Wed Apr 19 01:18:59 2023
